<?xml version="1.0" encoding="UTF-8"?>
<testng-results ignored="0" total="1" passed="1" failed="0" skipped="0">
  <reporter-output>
  </reporter-output>
  <suite started-at="2023-06-26T14:41:02 EDT" name="Default suite" finished-at="2023-06-26T14:41:31 EDT" duration-ms="29560">
    <groups>
    </groups>
    <test started-at="2023-06-26T14:41:02 EDT" name="Default test" finished-at="2023-06-26T14:41:31 EDT" duration-ms="29560">
      <class name="practice.CheapoairTest">
        <test-method is-config="true" signature="setUp()[pri:0, instance:practice.CheapoairTest@fa49800]" started-at="2023-06-26T14:41:02 EDT" name="setUp" finished-at="2023-06-26T14:41:10 EDT" duration-ms="8592" status="PASS">
          <reporter-output>
          </reporter-output>
        </test-method> <!-- setUp -->
        <test-method signature="testFlightOrder()[pri:0, instance:practice.CheapoairTest@fa49800]" started-at="2023-06-26T14:41:10 EDT" name="testFlightOrder" finished-at="2023-06-26T14:41:26 EDT" duration-ms="15591" status="PASS">
          <reporter-output>
          </reporter-output>
        </test-method> <!-- testFlightOrder -->
        <test-method is-config="true" signature="close()[pri:0, instance:practice.CheapoairTest@fa49800]" started-at="2023-06-26T14:41:26 EDT" name="close" finished-at="2023-06-26T14:41:31 EDT" duration-ms="5274" status="PASS">
          <reporter-output>
          </reporter-output>
        </test-method> <!-- close -->
      </class> <!-- practice.CheapoairTest -->
    </test> <!-- Default test -->
  </suite> <!-- Default suite -->
</testng-results>
